<?xml version="1.0" encoding="UTF-8"?>
<testsuite name="Scenario: Verify invalid login from messenger page" time="0.112" tests="2" errors="1" skipped="1" failures="0">
  <properties>
[...]
</properties>
  <testcase name="Given I am on messenger page" classname="Scenario: Verify invalid login from messenger page" time="0.096"/>
  <testcase name="When I enter lydiakilic@siliconlabs.com into username field on the messenger page" classname="Scenario: Verify invalid login from messenger page" time="0"/>
  <testcase name="And I enter test123 into password field on the messenger page" classname="Scenario: Verify invalid login from messenger page" time="0"/>
  <testcase name="And I click on login button on messenger page" classname="Scenario: Verify invalid login from messenger page" time="0.015">
    <error message="element click intercepted: Element &lt;button value=&quot;1&quot; class=&quot;_42ft _4jy0 _3_t3 _2qcm _4jy4 _517h _51sy&quot; id=&quot;loginbutton&quot; name=&quot;login&quot; tabindex=&quot;0&quot; type=&quot;submit&quot;&gt;...&lt;/button&gt; is not clickable at point (172, 464). Other element would receive the click: &lt;p class=&quot;_90na&quot;&gt;...&lt;/p&gt;&#10;  (Session info: chrome=84.0.4147.89)&#10;Build info: version: &apos;3.14.0&apos;, revision: &apos;aacccce0&apos;, time: &apos;2018-08-02T20:19:58.91Z&apos;&#10;System info: host: &apos;Lydias-Air.home&apos;, ip: &apos;fd4b:8d38:69ba:1:ed55:e481:71a5:37c6%en0&apos;, os.name: &apos;Mac OS X&apos;, os.arch: &apos;x86_64&apos;, os.version: &apos;10.14.6&apos;, java.version: &apos;1.8.0_231&apos;&#10;Driver info: org.openqa.selenium.chrome.ChromeDriver&#10;Capabilities {acceptInsecureCerts: false, browserName: chrome, browserVersion: 84.0.4147.89, chrome: {chromedriverVersion: 84.0.4147.30 (48b3e868b4cc0..., userDataDir: /var/folders/z0/96d1vy3j2x1...}, goog:chromeOptions: {debuggerAddress: localhost:50004}, javascriptEnabled: true, networkConnectionEnabled: false, pageLoadStrategy: normal, platform: MAC, platformName: MAC, proxy: Proxy(), setWindowRect: true, strictFileInteractability: false, timeouts: {implicit: 0, pageLoad: 300000, script: 30000}, unhandledPromptBehavior: dismiss and notify, webauthn:virtualAuthenticators: true}&#10;Session ID: 4aeae03292e7ba73168c21eb25eea59a" type="org.openqa.selenium.ElementClickInterceptedException"><![CDATA[org.openqa.selenium.ElementClickInterceptedException: element click intercepted: Element <button value="1" class="_42ft _4jy0 _3_t3 _2qcm _4jy4 _517h _51sy" id="loginbutton" name="login" tabindex="0" type="submit">...</button> is not clickable at point (172, 464). Other element would receive the click: <p class="_90na">...</p>
  (Session info: chrome=84.0.4147.89)
Build info: version: '3.14.0', revision: 'aacccce0', time: '2018-08-02T20:19:58.91Z'
System info: host: 'Lydias-Air.home', ip: 'fd4b:8d38:69ba:1:ed55:e481:71a5:37c6%en0', os.name: 'Mac OS X', os.arch: 'x86_64', os.version: '10.14.6', java.version: '1.8.0_231'
Driver info: org.openqa.selenium.chrome.ChromeDriver
Capabilities {acceptInsecureCerts: false, browserName: chrome, browserVersion: 84.0.4147.89, chrome: {chromedriverVersion: 84.0.4147.30 (48b3e868b4cc0..., userDataDir: /var/folders/z0/96d1vy3j2x1...}, goog:chromeOptions: {debuggerAddress: localhost:50004}, javascriptEnabled: true, networkConnectionEnabled: false, pageLoadStrategy: normal, platform: MAC, platformName: MAC, proxy: Proxy(), setWindowRect: true, strictFileInteractability: false, timeouts: {implicit: 0, pageLoad: 300000, script: 30000}, unhandledPromptBehavior: dismiss and notify, webauthn:virtualAuthenticators: true}
Session ID: 4aeae03292e7ba73168c21eb25eea59a
	at sun.reflect.NativeConstructorAccessorImpl.newInstance0(Native Method)
	at sun.reflect.NativeConstructorAccessorImpl.newInstance(NativeConstructorAccessorImpl.java:62)
	at sun.reflect.DelegatingConstructorAccessorImpl.newInstance(DelegatingConstructorAccessorImpl.java:45)
	at java.lang.reflect.Constructor.newInstance(Constructor.java:423)
	at org.openqa.selenium.remote.http.W3CHttpResponseCodec.createException(W3CHttpResponseCodec.java:187)
	at org.openqa.selenium.remote.http.W3CHttpResponseCodec.decode(W3CHttpResponseCodec.java:122)
	at org.openqa.selenium.remote.http.W3CHttpResponseCodec.decode(W3CHttpResponseCodec.java:49)
	at org.openqa.selenium.remote.HttpCommandExecutor.execute(HttpCommandExecutor.java:158)
	at org.openqa.selenium.remote.service.DriverCommandExecutor.execute(DriverCommandExecutor.java:83)
	at org.openqa.selenium.remote.RemoteWebDriver.execute(RemoteWebDriver.java:548)
	at org.openqa.selenium.remote.RemoteWebElement.execute(RemoteWebElement.java:276)
	at org.openqa.selenium.remote.RemoteWebElement.click(RemoteWebElement.java:83)
	at runnerTest.webPages.ElementUtil.clickOn(ElementUtil.java:49)
	at runnerTest.webPages.MessengerPage.clickOnSignInButton(MessengerPage.java:26)
	at stepdefinition.MessengerSD.clickOnLoginButton(MessengerSD.java:37)
	at ✽.And I click on login button on messenger page(Messenger.feature:11)
]]></error>
  </testcase>
  <testcase name="Scenario: Verify invalid login from messenger page" classname="Scenario: Verify invalid login from messenger page" time="0.001">
    <error message="element click intercepted: Element &lt;button value=&quot;1&quot; class=&quot;_42ft _4jy0 _3_t3 _2qcm _4jy4 _517h _51sy&quot; id=&quot;loginbutton&quot; name=&quot;login&quot; tabindex=&quot;0&quot; type=&quot;submit&quot;&gt;...&lt;/button&gt; is not clickable at point (172, 464). Other element would receive the click: &lt;p class=&quot;_90na&quot;&gt;...&lt;/p&gt;&#10;  (Session info: chrome=84.0.4147.89)&#10;Build info: version: &apos;3.14.0&apos;, revision: &apos;aacccce0&apos;, time: &apos;2018-08-02T20:19:58.91Z&apos;&#10;System info: host: &apos;Lydias-Air.home&apos;, ip: &apos;fd4b:8d38:69ba:1:ed55:e481:71a5:37c6%en0&apos;, os.name: &apos;Mac OS X&apos;, os.arch: &apos;x86_64&apos;, os.version: &apos;10.14.6&apos;, java.version: &apos;1.8.0_231&apos;&#10;Driver info: org.openqa.selenium.chrome.ChromeDriver&#10;Capabilities {acceptInsecureCerts: false, browserName: chrome, browserVersion: 84.0.4147.89, chrome: {chromedriverVersion: 84.0.4147.30 (48b3e868b4cc0..., userDataDir: /var/folders/z0/96d1vy3j2x1...}, goog:chromeOptions: {debuggerAddress: localhost:50004}, javascriptEnabled: true, networkConnectionEnabled: false, pageLoadStrategy: normal, platform: MAC, platformName: MAC, proxy: Proxy(), setWindowRect: true, strictFileInteractability: false, timeouts: {implicit: 0, pageLoad: 300000, script: 30000}, unhandledPromptBehavior: dismiss and notify, webauthn:virtualAuthenticators: true}&#10;Session ID: 4aeae03292e7ba73168c21eb25eea59a" type="org.openqa.selenium.ElementClickInterceptedException"><![CDATA[org.openqa.selenium.ElementClickInterceptedException: element click intercepted: Element <button value="1" class="_42ft _4jy0 _3_t3 _2qcm _4jy4 _517h _51sy" id="loginbutton" name="login" tabindex="0" type="submit">...</button> is not clickable at point (172, 464). Other element would receive the click: <p class="_90na">...</p>
  (Session info: chrome=84.0.4147.89)
Build info: version: '3.14.0', revision: 'aacccce0', time: '2018-08-02T20:19:58.91Z'
System info: host: 'Lydias-Air.home', ip: 'fd4b:8d38:69ba:1:ed55:e481:71a5:37c6%en0', os.name: 'Mac OS X', os.arch: 'x86_64', os.version: '10.14.6', java.version: '1.8.0_231'
Driver info: org.openqa.selenium.chrome.ChromeDriver
Capabilities {acceptInsecureCerts: false, browserName: chrome, browserVersion: 84.0.4147.89, chrome: {chromedriverVersion: 84.0.4147.30 (48b3e868b4cc0..., userDataDir: /var/folders/z0/96d1vy3j2x1...}, goog:chromeOptions: {debuggerAddress: localhost:50004}, javascriptEnabled: true, networkConnectionEnabled: false, pageLoadStrategy: normal, platform: MAC, platformName: MAC, proxy: Proxy(), setWindowRect: true, strictFileInteractability: false, timeouts: {implicit: 0, pageLoad: 300000, script: 30000}, unhandledPromptBehavior: dismiss and notify, webauthn:virtualAuthenticators: true}
Session ID: 4aeae03292e7ba73168c21eb25eea59a
	at sun.reflect.NativeConstructorAccessorImpl.newInstance0(Native Method)
	at sun.reflect.NativeConstructorAccessorImpl.newInstance(NativeConstructorAccessorImpl.java:62)
	at sun.reflect.DelegatingConstructorAccessorImpl.newInstance(DelegatingConstructorAccessorImpl.java:45)
	at java.lang.reflect.Constructor.newInstance(Constructor.java:423)
	at org.openqa.selenium.remote.http.W3CHttpResponseCodec.createException(W3CHttpResponseCodec.java:187)
	at org.openqa.selenium.remote.http.W3CHttpResponseCodec.decode(W3CHttpResponseCodec.java:122)
	at org.openqa.selenium.remote.http.W3CHttpResponseCodec.decode(W3CHttpResponseCodec.java:49)
	at org.openqa.selenium.remote.HttpCommandExecutor.execute(HttpCommandExecutor.java:158)
	at org.openqa.selenium.remote.service.DriverCommandExecutor.execute(DriverCommandExecutor.java:83)
	at org.openqa.selenium.remote.RemoteWebDriver.execute(RemoteWebDriver.java:548)
	at org.openqa.selenium.remote.RemoteWebElement.execute(RemoteWebElement.java:276)
	at org.openqa.selenium.remote.RemoteWebElement.click(RemoteWebElement.java:83)
	at runnerTest.webPages.ElementUtil.clickOn(ElementUtil.java:49)
	at runnerTest.webPages.MessengerPage.clickOnSignInButton(MessengerPage.java:26)
	at stepdefinition.MessengerSD.clickOnLoginButton(MessengerSD.java:37)
	at ✽.And I click on login button on messenger page(Messenger.feature:11)
]]></error>
  </testcase>
  <testcase name="Then I verify invalid login message on sign in page" classname="Scenario: Verify invalid login from messenger page" time="0">
    <skipped/>
  </testcase>
</testsuite>